<?xml version="1.0" encoding="UTF-8"?>
<!-- Generated by org.testng.reporters.JUnitXMLReporter -->
<testsuite hostname="BRILAP800" ignored="0" name="Default test" tests="1" failures="0" timestamp="03 Dec 2018 04:32:26 GMT" time="0.072" errors="0">
  <testcase name="@BeforeSuite serveron" time="120.539" classname="Generic.OnTheGo_AndroidProject.Base_test">
    <failure type="io.appium.java_client.service.local.AppiumServerHasNotBeenStartedLocallyException" message="The local appium server has not been started. The given Node.js executable: C:\Program Files (x86)\nodejs\node.exe Arguments: [C:\Users\vinesh.c\AppData\Local\Programs\appium\resources\app\node_modules\appium\build\lib\main.js, --port, 4723, --address, 0.0.0.0] 
Process output: [35m[Appium][39m Welcome to Appium v1.9.1
[35m[Appium][39m Appium REST http interface listener started on 0.0.0.0:4723
[35m[HTTP][39m [37m--&amp;gt;[39m [37mGET[39m [37m/wd/hub/status[39m
[35m[HTTP][39m [90m{}[39m
[debug] [35m[GENERIC][39m Calling AppiumDriver.getStatus() with args: []
[debug] [35m[GENERIC][39m Responding to client with driver.getStatus() result: {&amp;quot;build&amp;quot;:{&amp;quot;version&amp;quot;:&amp;quot;1.9.1&amp;quot;}}
[35m[HTTP][39m [37m&amp;lt;-- GET /wd/hub/status [39m[32m200[39m [90m26 ms - 67[39m
[35m[HTTP][39m [90m[39m
[35m[HTTP][39m [37m--&amp;gt;[39m [37mGET[39m [37m/wd/hub/status[39m
[35m[HTTP][39m [90m{}[39m
[debug] [35m[GENERIC][39m Calling AppiumDriver.getStatus() with args: []
[debug] [35m[GENERIC][39m Responding to client with driver.getStatus() result: {&amp;quot;build&amp;quot;:{&amp;quot;version&amp;quot;:&amp;quot;1.9.1&amp;quot;}}
[35m[HTTP][39m [37m&amp;lt;-- GET /wd/hub/status [39m[32m200[39m [90m6 ms - 67[39m
[35m[HTTP][39m [90m[39m
[35m[HTTP][39m [37m--&amp;gt;[39m [37mGET[39m [37m/wd/hub/status[39m
[35m[HTTP][39m [90m{}[39m
[debug] [35m[GENERIC][39m Calling AppiumDriver.getStatus() with args: []
[debug] [35m[GENERIC][39m Responding to client with driver.getStatus() result: {&amp;quot;build&amp;quot;:{&amp;quot;version&amp;quot;:&amp;quot;1.9.1&amp;quot;}}
[35m[HTTP][39m [37m&amp;lt;-- GET /wd/hub/status [39m[32m200[39m [90m2 ms - 67[39m
[35m[HTTP][39m [90m[39m
[35m[HTTP][39m [37m--&amp;gt;[39m [37mGET[39m [37m/wd/hub/status[39m
[35m[HTTP][39m [90m{}[39m
[debug] [35m[GENERIC][39m Calling AppiumDriver.getStatus() with args: []
[debug] [35m[GENERIC][39m Responding to client with driver.getStatus() result: {&amp;quot;build&amp;quot;:{&amp;quot;version&amp;quot;:&amp;quot;1.9.1&amp;quot;}}
[35m[HTTP][39m [37m&amp;lt;-- GET /wd/hub/status [39m[32m200[39m [90m2 ms - 67[39m
[35m[HTTP][39m [90m[39m
[35m[HTTP][39m [37m--&amp;gt;[39m [37mGET[39m [37m/wd/hub/status[39m
[35m[HTTP][39m [90m{}[39m
[debug] [35m[GENERIC][39m Calling AppiumDriver.getStatus() with args: []
[debug] [35m[GENERIC][39m Responding to client with driver.getStatus() result: {&amp;quot;build&amp;quot;:{&amp;quot;version&amp;quot;:&amp;quot;1.9.1&amp;quot;}}
[35m[HTTP][39m [37m&amp;lt;-- GET /wd/hub/status [39m[32m200[39m [90m4 ms - 67[39m
[35m[HTTP][39m [90m[39m
[35m[HTTP][39m [37m--&amp;gt;[39m [37mGET[39m [37m/wd/hub/status[39m
[35m[HTTP][39m [90m{}[39m
[debug] [35m[GENERIC][39m Calling AppiumDriver.getStatus() with args: []
[debug] [35m[GENERIC][39m Responding to client with driver.getStatus() result: {&amp;quot;build&amp;quot;:{&amp;quot;version&amp;quot;:&amp;quot;1.9.1&amp;quot;}}
[35m[HTTP][39m [37m&amp;lt;-- GET /wd/hub/status [39m[32m200[39m [90m4 ms - 67[39m
[35m[HTTP][39m [90m[39m
[35m[HTTP][39m [37m--&amp;gt;[39m [37mGET[39m [37m/wd/hub/status[39m
[35m[HTTP][39m [90m{}[39m
[debug] [35m[GENERIC][39m Calling AppiumDriver.getStatus() with args: []
[debug] [35m[GENERIC][39m Responding to client with driver.getStatus() result: {&amp;quot;build&amp;quot;:{&amp;quot;version&amp;quot;:&amp;quot;1.9.1&amp;quot;,&amp;quot;git-sha&amp;quot;:&amp;quot;f9ee7d068e14f10729f88ebd85db802c2e8ac21a&amp;quot;}}
[35m[HTTP][39m [37m&amp;lt;-- GET /wd/hub/status [39m[32m200[39m [90m4 ms - 120[39m
[35m[HTTP][39m [90m[39m
[35m[HTTP][39m [37m--&amp;gt;[39m [37mGET[39m [37m/wd/hub/status[39m
[35m[HTTP][39m [90m{}[39m
[debug] [35m[GENERIC][39m Calling AppiumDriver.getStatus() with args: []
[debug] [35m[GENERIC][39m Responding to client with driver.getStatus() result: {&amp;quot;build&amp;quot;:{&amp;quot;version&amp;quot;:&amp;quot;1.9.1&amp;quot;,&amp;quot;git-sha&amp;quot;:&amp;quot;f9ee7d068e14f10729f88ebd85db802c2e8ac21a&amp;quot;}}
[35m[HTTP][39m [37m&amp;lt;-- GET /wd/hub/status [39m[32m200[39m [90m4 ms - 120[39m
[35m[HTTP][39m [90m[39m
[35m[HTTP][39m [37m--&amp;gt;[39m [37mGET[39m [37m/wd/hub/status[39m
[35m[HTTP][39m [90m{}[39m
[debug] [35m[GENERIC][39m Calling AppiumDriver.getStatus() with args: []
[debug] [35m[GENERIC][39m Responding to client with driver.getStatus() result: {&amp;quot;build&amp;quot;:{&amp;quot;version&amp;quot;:&amp;quot;1.9.1&amp;quot;,&amp;quot;git-sha&amp;quot;:&amp;quot;f9ee7d068e14f10729f88ebd85db802c2e8ac21a&amp;quot;}}
[35m[HTTP][39m [37m&amp;lt;-- GET /wd/hub/status [39m[32m200[39m [90m4 ms - 120[39m
[35m[HTTP][39m [90m[39m
[35m[HTTP][39m [37m--&amp;gt;[39m [37mGET[39m [37m/wd/hub/status[39m
[35m[HTTP][39m [90m{}[39m
[debug] [35m[GENERIC][39m Calling AppiumDriver.getStatus() with args: []
[debug] [35m[GENERIC][39m Responding to client with driver.getStatus() result: {&amp;quot;build&amp;quot;:{&amp;quot;version&amp;quot;:&amp;quot;1.9.1&amp;quot;,&amp;quot;git-sha&amp;quot;:&amp;quot;f9ee7d068e14f10729f88ebd85db802c2e8ac21a&amp;quot;,&amp;quot;built&amp;quot;:&amp;quot;2018-09-20T18:14:29Z&amp;quot;}}
[35m[HTTP][39m [37m&amp;lt;-- GET /wd/hub/status [39m[32m200[39m [90m4 ms - 151[39m
[35m[HTTP][39m [90m[39m
[35m[HTTP][39m [37m--&amp;gt;[39m [37mGET[39m [37m/wd/hub/status[39m
[35m[HTTP][39m [90m{}[39m
[debug] [35m[GENERIC][39m Calling AppiumDriver.getStatus() with args: []
[debug] [35m[GENERIC][39m Responding to client with driver.getStatus() result: {&amp;quot;build&amp;quot;:{&amp;quot;version&amp;quot;:&amp;quot;1.9.1&amp;quot;,&amp;quot;git-sha&amp;quot;:&amp;quot;f9ee7d068e14f10729f88ebd85db802c2e8ac21a&amp;quot;,&amp;quot;built&amp;quot;:&amp;quot;2018-09-20T18:14:29Z&amp;quot;}}
[35m[HTTP][39m [37m&amp;lt;-- GET /wd/hub/status [39m[32m200[39m [90m2 ms - 151[39m
[35m[HTTP][39m [90m[39m
[35m[HTTP][39m [37m--&amp;gt;[39m [37mGET[39m [37m/wd/hub/status[39m
[35m[HTTP][39m [90m{}[39m
[debug] [35m[GENERIC][39m Calling AppiumDriver.getStatus() with args: []
[debug] [35m[GENERIC][39m Responding to client with driver.getStatus() result: {&amp;quot;build&amp;quot;:{&amp;quot;version&amp;quot;:&amp;quot;1.9.1&amp;quot;,&amp;quot;git-sha&amp;quot;:&amp;quot;f9ee7d068e14f10729f88ebd85db802c2e8ac21a&amp;quot;,&amp;quot;built&amp;quot;:&amp;quot;2018-09-20T18:14:29Z&amp;quot;}}
[35m[HTTP][39m [37m&amp;lt;-- GET /wd/hub/status [39m[32m200[39m [90m3 ms - 151[39m
[35m[HTTP][39m [90m[39m
[35m[HTTP][39m [37m--&amp;gt;[39m [37mGET[39m [37m/wd/hub/status[39m
[35m[HTTP][39m [90m{}[39m
[debug] [35m[GENERIC][39m Calling AppiumDriver.getStatus() with args: []
[debug] [35m[GENERIC][39m Responding to client with driver.getStatus() result: {&amp;quot;build&amp;quot;:{&amp;quot;version&amp;quot;:&amp;quot;1.9.1&amp;quot;,&amp;quot;git-sha&amp;quot;:&amp;quot;f9ee7d068e14f10729f88ebd85db802c2e8ac21a&amp;quot;,&amp;quot;built&amp;quot;:&amp;quot;2018-09-20T18:14:29Z&amp;quot;}}
[35m[HTTP][39m [37m&amp;lt;-- GET /wd/hub/status [39m[32m200[39m [90m5 ms - 151[39m
[35m[HTTP][39m [90m[39m
[35m[HTTP][39m [37m--&amp;gt;[39m [37mGET[39m [37m/wd/hub/status[39m
[35m[HTTP][39m [90m{}[39m
[debug] [35m[GENERIC][39m Calling AppiumDriver.getStatus() with args: []
[debug] [35m[GENERIC][39m Responding to client with driver.getStatus() result: {&amp;quot;build&amp;quot;:{&amp;quot;version&amp;quot;:&amp;quot;1.9.1&amp;quot;,&amp;quot;git-sha&amp;quot;:&amp;quot;f9ee7d068e14f10729f88ebd85db802c2e8ac21a&amp;quot;,&amp;quot;built&amp;quot;:&amp;quot;2018-09-20T18:14:29Z&amp;quot;}}
[35m[HTTP][39m [37m&amp;lt;-- GET /wd/hub/status [39m[32m200[39m [90m4 ms - 151[39m
[35m[HTTP][39m [90m[39m
[35m[HTTP][39m [37m--&amp;gt;[39m [37mGET[39m [37m/wd/hub/status[39m
[35m[HTTP][39m [90m{}[39m
[debug] [35m[GENERIC][39m Calling AppiumDriver.getStatus() with args: []
[debug] [35m[GENERIC][39m Responding to client with driver.getStatus() result: {&amp;quot;build&amp;quot;:{&amp;quot;version&amp;quot;:&amp;quot;1.9.1&amp;quot;,&amp;quot;git-sha&amp;quot;:&amp;quot;f9ee7d068e14f10729f88ebd85db802c2e8ac21a&amp;quot;,&amp;quot;built&amp;quot;:&amp;quot;2018-09-20T18:14:29Z&amp;quot;}}
[35m[HTTP][39m [37m&amp;lt;-- GET /wd/hub/status [39m[32m200[39m [90m4 ms - 151[39m
[35m[HTTP][39m [90m[39m
[35m[HTTP][39m [37m--&amp;gt;[39m [37mGET[39m [37m/wd/hub/status[39m
[35m[HTTP][39m [90m{}[39m
[debug] [35m[GENERIC][39m Calling AppiumDriver.getStatus() with args: []
[debug] [35m[GENERIC][39m Responding to client with driver.getStatus() result: {&amp;quot;build&amp;quot;:{&amp;quot;version&amp;quot;:&amp;quot;1.9.1&amp;quot;,&amp;quot;git-sha&amp;quot;:&amp;quot;f9ee7d068e14f10729f88ebd85db802c2e8ac21a&amp;quot;,&amp;quot;built&amp;quot;:&amp;quot;2018-09-20T18:14:29Z&amp;quot;}}
[35m[HTTP][39m [37m&amp;lt;-- GET /wd/hub/status [39m[32m200[39m [90m4 ms - 151[39m
[35m[HTTP][39m [90m[39m
[35m[HTTP][39m [37m--&amp;gt;[39m [37mGET[39m [37m/wd/hub/status[39m
[35m[HTTP][39m [90m{}[39m
[debug] [35m[GENERIC][39m Calling AppiumDriver.getStatus() with args: []
[debug] [35m[GENERIC][39m Responding to client with driver.getStatus() result: {&amp;quot;build&amp;quot;:{&amp;quot;version&amp;quot;:&amp;quot;1.9.1&amp;quot;,&amp;quot;git-sha&amp;quot;:&amp;quot;f9ee7d068e14f10729f88ebd85db802c2e8ac21a&amp;quot;,&amp;quot;built&amp;quot;:&amp;quot;2018-09-20T18:14:29Z&amp;quot;}}
[35m[HTTP][39m [37m&amp;lt;-- GET /wd/hub/status [39m[32m200[39m [90m2 ms - 151[39m
[35m[HTTP][39m [90m[39m
[35m[HTTP][39m [37m--&amp;gt;[39m [37mGET[39m [37m/wd/hub/status[39m
[35m[HTTP][39m [90m{}[39m
[debug] [35m[GENERIC][39m Calling AppiumDriver.getStatus() with args: []
[debug] [35m[GENERIC][39m Responding to client with driver.getStatus() result: {&amp;quot;build&amp;quot;:{&amp;quot;version&amp;quot;:&amp;quot;1.9.1&amp;quot;,&amp;quot;git-sha&amp;quot;:&amp;quot;f9ee7d068e14f10729f88ebd85db802c2e8ac21a&amp;quot;,&amp;quot;built&amp;quot;:&amp;quot;2018-09-20T18:14:29Z&amp;quot;}}
[35m[HTTP][39m [37m&amp;lt;-- GET /wd/hub/status [39m[32m200[39m [90m3 ms - 151[39m
[35m[HTTP][39m [90m[39m
[35m[HTTP][39m [37m--&amp;gt;[39m [37mGET[39m [37m/wd/hub/status[39m
[35m[HTTP][39m [90m{}[39m
[debug] [35m[GENERIC][39m Calling AppiumDriver.getStatus() with args: []
[debug] [35m[GENERIC][39m Responding to client with driver.getStatus() result: {&amp;quot;build&amp;quot;:{&amp;quot;version&amp;quot;:&amp;quot;1.9.1&amp;quot;,&amp;quot;git-sha&amp;quot;:&amp;quot;f9ee7d068e14f10729f88ebd85db802c2e8ac21a&amp;quot;,&amp;quot;built&amp;quot;:&amp;quot;2018-09-20T18:14:29Z&amp;quot;}}
[35m[HTTP][39m [37m&amp;lt;-- GET /wd/hub/status [39m[32m200[39m [90m7 ms - 151[39m
[35m[HTTP][39m [90m[39m
[35m[HTTP][39m [37m--&amp;gt;[39m [37mGET[39m [37m/wd/hub/status[39m
[35m[HTTP][39m [90m{}[39m
[debug] [35m[GENERIC][39m Calling AppiumDriver.getStatus() with args: []
[debug] [35m[GENERIC][39m Responding to client with driver.getStatus() result: {&amp;quot;build&amp;quot;:{&amp;quot;version&amp;quot;:&amp;quot;1.9.1&amp;quot;,&amp;quot;git-sha&amp;quot;:&amp;quot;f9ee7d068e14f10729f88ebd85db802c2e8ac21a&amp;quot;,&amp;quot;built&amp;quot;:&amp;quot;2018-09-20T18:14:29Z&amp;quot;}}
[35m[HTTP][39m [37m&amp;lt;-- GET /wd/hub/status [39m[32m200[39m [90m5 ms - 151[39m
[35m[HTTP][39m [90m[39m
[35m[HTTP][39m [37m--&amp;gt;[39m [37mGET[39m [37m/wd/hub/status[39m
[35m[HTTP][39m [90m{}[39m
[debug] [35m[GENERIC][39m Calling AppiumDriver.getStatus() with args: []
[debug] [35m[GENERIC][39m Responding to client with driver.getStatus() result: {&amp;quot;build&amp;quot;:{&amp;quot;version&amp;quot;:&amp;quot;1.9.1&amp;quot;,&amp;quot;git-sha&amp;quot;:&amp;quot;f9ee7d068e14f10729f88ebd85db802c2e8ac21a&amp;quot;,&amp;quot;built&amp;quot;:&amp;quot;2018-09-20T18:14:29Z&amp;quot;}}
[35m[HTTP][39m [37m&amp;lt;-- GET /wd/hub/status [39m[32m200[39m [90m7 ms - 151[39m
[35m[HTTP][39m [90m[39m
[35m[HTTP][39m [37m--&amp;gt;[39m [37mGET[39m [37m/wd/hub/status[39m
[35m[HTTP][39m [90m{}[39m
[debug] [35m[GENERIC][39m Calling AppiumDriver.getStatus() with args: []
[debug] [35m[GENERIC][39m Responding to client with driver.getStatus() result: {&amp;quot;build&amp;quot;:{&amp;quot;version&amp;quot;:&amp;quot;1.9.1&amp;quot;,&amp;quot;git-sha&amp;quot;:&amp;quot;f9ee7d068e14f10729f88ebd85db802c2e8ac21a&amp;quot;,&amp;quot;built&amp;quot;:&amp;quot;2018-09-20T18:14:29Z&amp;quot;}}
[35m[HTTP][39m [37m&amp;lt;-- GET /wd/hub/status [39m[32m200[39m [90m3 ms - 151[39m
[35m[HTTP][39m [90m[39m
[35m[HTTP][39m [37m--&amp;gt;[39m [37mGET[39m [37m/wd/hub/status[39m
[35m[HTTP][39m [90m{}[39m
[debug] [35m[GENERIC][39m Calling AppiumDriver.getStatus() with args: []
[debug] [35m[GENERIC][39m Responding to client with driver.getStatus() result: {&amp;quot;build&amp;quot;:{&amp;quot;version&amp;quot;:&amp;quot;1.9.1&amp;quot;,&amp;quot;git-sha&amp;quot;:&amp;quot;f9ee7d068e14f10729f88ebd85db802c2e8ac21a&amp;quot;,&amp;quot;built&amp;quot;:&amp;quot;2018-09-20T18:14:29Z&amp;quot;}}
[35m[HTTP][39m [37m&amp;lt;-- GET /wd/hub/status [39m[32m200[39m [90m4 ms - 151[39m
[35m[HTTP][39m [90m[39m
[35m[HTTP][39m [37m--&amp;gt;[39m [37mGET[39m [37m/wd/hub/status[39m
[35m[HTTP][39m [90m{}[39m
[debug] [35m[GENERIC][39m Calling AppiumDriver.getStatus() with args: []
[debug] [35m[GENERIC][39m Responding to client with driver.getStatus() result: {&amp;quot;build&amp;quot;:{&amp;quot;version&amp;quot;:&amp;quot;1.9.1&amp;quot;,&amp;quot;git-sha&amp;quot;:&amp;quot;f9ee7d068e14f10729f88ebd85db802c2e8ac21a&amp;quot;,&amp;quot;built&amp;quot;:&amp;quot;2018-09-20T18:14:29Z&amp;quot;}}
[35m[HTTP][39m [37m&amp;lt;-- GET /wd/hub/status [39m[32m200[39m [90m5 ms - 151[39m
[35m[HTTP][39m [90m[39m
[35m[HTTP][39m [37m--&amp;gt;[39m [37mGET[39m [37m/wd/hub/status[39m
[35m[HTTP][39m [90m{}[39m
[debug] [35m[GENERIC][39m Calling AppiumDriver.getStatus() with args: []
[debug] [35m[GENERIC][39m Responding to client with driver.getStatus() result: {&amp;quot;build&amp;quot;:{&amp;quot;version&amp;quot;:&amp;quot;1.9.1&amp;quot;,&amp;quot;git-sha&amp;quot;:&amp;quot;f9ee7d068e14f10729f88ebd85db802c2e8ac21a&amp;quot;,&amp;quot;built&amp;quot;:&amp;quot;2018-09-20T18:14:29Z&amp;quot;}}
[35m[HTTP][39m [37m&amp;lt;-- GET /wd/hub/status [39m[32m200[39m [90m3 ms - 151[39m
[35m[HTTP][39m [90m[39m
[35m[HTTP][39m [37m--&amp;gt;[39m [37mGET[39m [37m/wd/hub/status[39m
[35m[HTTP][39m [90m{}[39m
[debug] [35m[GENERIC][39m Calling AppiumDriver.getStatus() with args: []
[debug] [35m[GENERIC][39m Responding to client with driver.getStatus() result: {&amp;quot;build&amp;quot;:{&amp;quot;version&amp;quot;:&amp;quot;1.9.1&amp;quot;,&amp;quot;git-sha&amp;quot;:&amp;quot;f9ee7d068e14f10729f88ebd85db802c2e8ac21a&amp;quot;,&amp;quot;built&amp;quot;:&amp;quot;2018-09-20T18:14:29Z&amp;quot;}}
[35m[HTTP][39m [37m&amp;lt;-- GET /wd/hub/status [39m[32m200[39m [90m5 ms - 151[39m
[35m[HTTP][39m [90m[39m
[35m[HTTP][39m [37m--&amp;gt;[39m [37mGET[39m [37m/wd/hub/status[39m
[35m[HTTP][39m [90m{}[39m
[debug] [35m[GENERIC][39m Calling AppiumDriver.getStatus() with args: []
[debug] [35m[GENERIC][39m Responding to client with driver.getStatus() result: {&amp;quot;build&amp;quot;:{&amp;quot;version&amp;quot;:&amp;quot;1.9.1&amp;quot;,&amp;quot;git-sha&amp;quot;:&amp;quot;f9ee7d068e14f10729f88ebd85db802c2e8ac21a&amp;quot;,&amp;quot;built&amp;quot;:&amp;quot;2018-09-20T18:14:29Z&amp;quot;}}
[35m[HTTP][39m [37m&amp;lt;-- GET /wd/hub/status [39m[32m200[39m [90m2 ms - 151[39m
[35m[HTTP][39m [90m[39m
[35m[HTTP][39m [37m--&amp;gt;[39m [37mGET[39m [37m/wd/hub/status[39m
[35m[HTTP][39m [90m{}[39m
[debug] [35m[GENERIC][39m Calling AppiumDriver.getStatus() with args: []
[debug] [35m[GENERIC][39m Responding to client with driver.getStatus() result: {&amp;quot;build&amp;quot;:{&amp;quot;version&amp;quot;:&amp;quot;1.9.1&amp;quot;,&amp;quot;git-sha&amp;quot;:&amp;quot;f9ee7d068e14f10729f88ebd85db802c2e8ac21a&amp;quot;,&amp;quot;built&amp;quot;:&amp;quot;2018-09-20T18:14:29Z&amp;quot;}}
[35m[HTTP][39m [37m&amp;lt;-- GET /wd/hub/status [39m[32m200[39m [90m2 ms - 151[39m
[35m[HTTP][39m [90m[39m
[35m[HTTP][39m [37m--&amp;gt;[39m [37mGET[39m [37m/wd/hub/status[39m
[35m[HTTP][39m [90m{}[39m
[debug] [35m[GENERIC][39m Calling AppiumDriver.getStatus() with args: []
[debug] [35m[GENERIC][39m Responding to client with driver.getStatus() result: {&amp;quot;build&amp;quot;:{&amp;quot;version&amp;quot;:&amp;quot;1.9.1&amp;quot;,&amp;quot;git-sha&amp;quot;:&amp;quot;f9ee7d068e14f10729f88ebd85db802c2e8ac21a&amp;quot;,&amp;quot;built&amp;quot;:&amp;quot;2018-09-20T18:14:29Z&amp;quot;}}
[35m[HTTP][39m [37m&amp;lt;-- GET /wd/hub/status [39m[32m200[39m [90m3 ms - 151[39m
[35m[HTTP][39m [90m[39m
[35m[HTTP][39m [37m--&amp;gt;[39m [37mGET[39m [37m/wd/hub/status[39m
[35m[HTTP][39m [90m{}[39m
[debug] [35m[GENERIC][39m Calling AppiumDriver.getStatus() with args: []
[debug] [35m[GENERIC][39m Responding to client with driver.getStatus() result: {&amp;quot;build&amp;quot;:{&amp;quot;version&amp;quot;:&amp;quot;1.9.1&amp;quot;,&amp;quot;git-sha&amp;quot;:&amp;quot;f9ee7d068e14f10729f88ebd85db802c2e8ac21a&amp;quot;,&amp;quot;built&amp;quot;:&amp;quot;2018-09-20T18:14:29Z&amp;quot;}}
[35m[HTTP][39m [37m&amp;lt;-- GET /wd/hub/status [39m[32m200[39m [90m3 ms - 151[39m
[35m[HTTP][39m [90m[39m
[35m[HTTP][39m [37m--&amp;gt;[39m [37mGET[39m [37m/wd/hub/status[39m
[35m[HTTP][39m [90m{}[39m
[debug] [35m[GENERIC][39m Calling AppiumDriver.getStatus() with args: []
[debug] [35m[GENERIC][39m Responding to client with driver.getStatus() result: {&amp;quot;build&amp;quot;:{&amp;quot;version&amp;quot;:&amp;quot;1.9.1&amp;quot;,&amp;quot;git-sha&amp;quot;:&amp;quot;f9ee7d068e14f10729f88ebd85db802c2e8ac21a&amp;quot;,&amp;quot;built&amp;quot;:&amp;quot;2018-09-20T18:14:29Z&amp;quot;}}
[35m[HTTP][39m [37m&amp;lt;-- GET /wd/hub/status [39m[32m200[39m [90m6 ms - 151[39m
[35m[HTTP][39m [90m[39m
[35m[HTTP][39m [37m--&amp;gt;[39m [37mGET[39m [37m/wd/hub/status[39m
[35m[HTTP][39m [90m{}[39m
[debug] [35m[GENERIC][39m Calling AppiumDriver.getStatus() with args: []
[debug] [35m[GENERIC][39m Responding to client with driver.getStatus() result: {&amp;quot;build&amp;quot;:{&amp;quot;version&amp;quot;:&amp;quot;1.9.1&amp;quot;,&amp;quot;git-sha&amp;quot;:&amp;quot;f9ee7d068e14f10729f88ebd85db802c2e8ac21a&amp;quot;,&amp;quot;built&amp;quot;:&amp;quot;2018-09-20T18:14:29Z&amp;quot;}}
[35m[HTTP][39m [37m&amp;lt;-- GET /wd/hub/status [39m[32m200[39m [90m3 ms - 151[39m
[35m[HTTP][39m [90m[39m
[35m[HTTP][39m [37m--&amp;gt;[39m [37mGET[39m [37m/wd/hub/status[39m
[35m[HTTP][39m [90m{}[39m
[debug] [35m[GENERIC][39m Calling AppiumDriver.getStatus() with args: []
[debug] [35m[GENERIC][39m Responding to client with driver.getStatus() result: {&amp;quot;build&amp;quot;:{&amp;quot;version&amp;quot;:&amp;quot;1.9.1&amp;quot;,&amp;quot;git-sha&amp;quot;:&amp;quot;f9ee7d068e14f10729f88ebd85db802c2e8ac21a&amp;quot;,&amp;quot;built&amp;quot;:&amp;quot;2018-09-20T18:14:29Z&amp;quot;}}
[35m[HTTP][39m [37m&amp;lt;-- GET /wd/hub/status [39m[32m200[39m [90m3 ms - 151[39m
[35m[HTTP][39m [90m[39m
[35m[HTTP][39m [37m--&amp;gt;[39m [37mGET[39m [37m/wd/hub/status[39m
[35m[HTTP][39m [90m{}[39m
[debug] [35m[GENERIC][39m Calling AppiumDriver.getStatus() with args: []
[debug] [35m[GENERIC][39m Responding to client with driver.getStatus() result: {&amp;quot;build&amp;quot;:{&amp;quot;version&amp;quot;:&amp;quot;1.9.1&amp;quot;,&amp;quot;git-sha&amp;quot;:&amp;quot;f9ee7d068e14f10729f88ebd85db802c2e8ac21a&amp;quot;,&amp;quot;built&amp;quot;:&amp;quot;2018-09-20T18:14:29Z&amp;quot;}}
[35m[HTTP][39m [37m&amp;lt;-- GET /wd/hub/status [39m[32m200[39m [90m1 ms - 151[39m
[35m[HTTP][39m [90m[39m
[35m[HTTP][39m [37m--&amp;gt;[39m [37mGET[39m [37m/wd/hub/status[39m
[35m[HTTP][39m [90m{}[39m
[debug] [35m[GENERIC][39m Calling AppiumDriver.getStatus() with args: []
[debug] [35m[GENERIC][39m Responding to client with driver.getStatus() result: {&amp;quot;build&amp;quot;:{&amp;quot;version&amp;quot;:&amp;quot;1.9.1&amp;quot;,&amp;quot;git-sha&amp;quot;:&amp;quot;f9ee7d068e14f10729f88ebd85db802c2e8ac21a&amp;quot;,&amp;quot;built&amp;quot;:&amp;quot;2018-09-20T18:14:29Z&amp;quot;}}
[35m[HTTP][39m [37m&amp;lt;-- GET /wd/hub/status [39m[32m200[39m [90m1 ms - 151[39m
[35m[HTTP][39m [90m[39m
[35m[HTTP][39m [37m--&amp;gt;[39m [37mGET[39m [37m/wd/hub/status[39m
[35m[HTTP][39m [90m{}[39m
[debug] [35m[GENERIC][39m Calling AppiumDriver.getStatus() with args: []
[debug] [35m[GENERIC][39m Responding to client with driver.getStatus() result: {&amp;quot;build&amp;quot;:{&amp;quot;version&amp;quot;:&amp;quot;1.9.1&amp;quot;,&amp;quot;git-sha&amp;quot;:&amp;quot;f9ee7d068e14f10729f88ebd85db802c2e8ac21a&amp;quot;,&amp;quot;built&amp;quot;:&amp;quot;2018-09-20T18:14:29Z&amp;quot;}}
[35m[HTTP][39m [37m&amp;lt;-- GET /wd/hub/status [39m[32m200[39m [90m3 ms - 151[39m
[35m[HTTP][39m [90m[39m
[35m[HTTP][39m [37m--&amp;gt;[39m [37mGET[39m [37m/wd/hub/status[39m
[35m[HTTP][39m [90m{}[39m
[debug] [35m[GENERIC][39m Calling AppiumDriver.getStatus() with args: []
[debug] [35m[GENERIC][39m Responding to client with driver.getStatus() result: {&amp;quot;build&amp;quot;:{&amp;quot;version&amp;quot;:&amp;quot;1.9.1&amp;quot;,&amp;quot;git-sha&amp;quot;:&amp;quot;f9ee7d068e14f10729f88ebd85db802c2e8ac21a&amp;quot;,&amp;quot;built&amp;quot;:&amp;quot;2018-09-20T18:14:29Z&amp;quot;}}
[35m[HTTP][39m [37m&amp;lt;-- GET /wd/hub/status [39m[32m200[39m [90m3 ms - 151[39m
[35m[HTTP][39m [90m[39m
[35m[HTTP][39m [37m--&amp;gt;[39m [37mGET[39m [37m/wd/hub/status[39m
[35m[HTTP][39m [90m{}[39m
[debug] [35m[GENERIC][39m Calling AppiumDriver.getStatus() with args: []
[debug] [35m[GENERIC][39m Responding to client with driver.getStatus() result: {&amp;quot;build&amp;quot;:{&amp;quot;version&amp;quot;:&amp;quot;1.9.1&amp;quot;,&amp;quot;git-sha&amp;quot;:&amp;quot;f9ee7d068e14f10729f88ebd85db802c2e8ac21a&amp;quot;,&amp;quot;built&amp;quot;:&amp;quot;2018-09-20T18:14:29Z&amp;quot;}}
[35m[HTTP][39m [37m&amp;lt;-- GET /wd/hub/status [39m[32m200[39m [90m4 ms - 151[39m
[35m[HTTP][39m [90m[39m
[35m[HTTP][39m [37m--&amp;gt;[39m [37mGET[39m [37m/wd/hub/status[39m
[35m[HTTP][39m [90m{}[39m
[debug] [35m[GENERIC][39m Calling AppiumDriver.getStatus() with args: []
[debug] [35m[GENERIC][39m Responding to client with driver.getStatus() result: {&amp;quot;build&amp;quot;:{&amp;quot;version&amp;quot;:&amp;quot;1.9.1&amp;quot;,&amp;quot;git-sha&amp;quot;:&amp;quot;f9ee7d068e14f10729f88ebd85db802c2e8ac21a&amp;quot;,&amp;quot;built&amp;quot;:&amp;quot;2018-09-20T18:14:29Z&amp;quot;}}
[35m[HTTP][39m [37m&amp;lt;-- GET /wd/hub/status [39m[32m200[39m [90m3 ms - 151[39m
[35m[HTTP][39m [90m[39m
[35m[HTTP][39m [37m--&amp;gt;[39m [37mGET[39m [37m/wd/hub/status[39m
[35m[HTTP][39m [90m{}[39m
[debug] [35m[GENERIC][39m Calling AppiumDriver.getStatus() with args: []
[debug] [35m[GENERIC][39m Responding to client with driver.getStatus() result: {&amp;quot;build&amp;quot;:{&amp;quot;version&amp;quot;:&amp;quot;1.9.1&amp;quot;,&amp;quot;git-sha&amp;quot;:&amp;quot;f9ee7d068e14f10729f88ebd85db802c2e8ac21a&amp;quot;,&amp;quot;built&amp;quot;:&amp;quot;2018-09-20T18:14:29Z&amp;quot;}}
[35m[HTTP][39m [37m&amp;lt;-- GET /wd/hub/status [39m[32m200[39m [90m2 ms - 151[39m
[35m[HTTP][39m [90m[39m
[35m[HTTP][39m [37m--&amp;gt;[39m [37mGET[39m [37m/wd/hub/status[39m
[35m[HTTP][39m [90m{}[39m
[debug] [35m[GENERIC][39m Calling AppiumDriver.getStatus() with args: []
[debug] [35m[GENERIC][39m Responding to client with driver.getStatus() result: {&amp;quot;build&amp;quot;:{&amp;quot;version&amp;quot;:&amp;quot;1.9.1&amp;quot;,&amp;quot;git-sha&amp;quot;:&amp;quot;f9ee7d068e14f10729f88ebd85db802c2e8ac21a&amp;quot;,&amp;quot;built&amp;quot;:&amp;quot;2018-09-20T18:14:29Z&amp;quot;}}
[35m[HTTP][39m [37m&amp;lt;-- GET /wd/hub/status [39m[32m200[39m [90m2 ms - 151[39m
[35m[HTTP][39m [90m[39m
[35m[HTTP][39m [37m--&amp;gt;[39m [37mGET[39m [37m/wd/hub/status[39m
[35m[HTTP][39m [90m{}[39m
[debug] [35m[GENERIC][39m Calling AppiumDriver.getStatus() with args: []
[debug] [35m[GENERIC][39m Responding to client with driver.getStatus() result: {&amp;quot;build&amp;quot;:{&amp;quot;version&amp;quot;:&amp;quot;1.9.1&amp;quot;,&amp;quot;git-sha&amp;quot;:&amp;quot;f9ee7d068e14f10729f88ebd85db802c2e8ac21a&amp;quot;,&amp;quot;built&amp;quot;:&amp;quot;2018-09-20T18:14:29Z&amp;quot;}}
[35m[HTTP][39m [37m&amp;lt;-- GET /wd/hub/status [39m[32m200[39m [90m2 ms - 151[39m
[35m[HTTP][39m [90m[39m
[35m[HTTP][39m [37m--&amp;gt;[39m [37mGET[39m [37m/wd/hub/status[39m
[35m[HTTP][39m [90m{}[39m
[debug] [35m[GENERIC][39m Calling AppiumDriver.getStatus() with args: []
[debug] [35m[GENERIC][39m Responding to client with driver.getStatus() result: {&amp;quot;build&amp;quot;:{&amp;quot;version&amp;quot;:&amp;quot;1.9.1&amp;quot;,&amp;quot;git-sha&amp;quot;:&amp;quot;f9ee7d068e14f10729f88ebd85db802c2e8ac21a&amp;quot;,&amp;quot;built&amp;quot;:&amp;quot;2018-09-20T18:14:29Z&amp;quot;}}
[35m[HTTP][39m [37m&amp;lt;-- GET /wd/hub/status [39m[32m200[39m [90m2 ms - 151[39m
[35m[HTTP][39m [90m[39m
[35m[HTTP][39m [37m--&amp;gt;[39m [37mGET[39m [37m/wd/hub/status[39m
[35m[HTTP][39m [90m{}[39m
[debug] [35m[GENERIC][39m Calling AppiumDriver.getStatus() with args: []
[debug] [35m[GENERIC][39m Responding to client with driver.getStatus() result: {&amp;quot;build&amp;quot;:{&amp;quot;version&amp;quot;:&amp;quot;1.9.1&amp;quot;,&amp;quot;git-sha&amp;quot;:&amp;quot;f9ee7d068e14f10729f88ebd85db802c2e8ac21a&amp;quot;,&amp;quot;built&amp;quot;:&amp;quot;2018-09-20T18:14:29Z&amp;quot;}}
[35m[HTTP][39m [37m&amp;lt;-- GET /wd/hub/status [39m[32m200[39m [90m2 ms - 151[39m
[35m[HTTP][39m [90m[39m
[35m[HTTP][39m [37m--&amp;gt;[39m [37mGET[39m [37m/wd/hub/status[39m
[35m[HTTP][39m [90m{}[39m
[debug] [35m[GENERIC][39m Calling AppiumDriver.getStatus() with args: []
[debug] [35m[GENERIC][39m Responding to client with driver.getStatus() result: {&amp;quot;build&amp;quot;:{&amp;quot;version&amp;quot;:&amp;quot;1.9.1&amp;quot;,&amp;quot;git-sha&amp;quot;:&amp;quot;f9ee7d068e14f10729f88ebd85db802c2e8ac21a&amp;quot;,&amp;quot;built&amp;quot;:&amp;quot;2018-09-20T18:14:29Z&amp;quot;}}
[35m[HTTP][39m [37m&amp;lt;-- GET /wd/hub/status [39m[32m200[39m [90m2 ms - 151[39m
[35m[HTTP][39m [90m[39m

">
      <![CDATA[io.appium.java_client.service.local.AppiumServerHasNotBeenStartedLocallyException: The local appium server has not been started. The given Node.js executable: C:\Program Files (x86)\nodejs\node.exe Arguments: [C:\Users\vinesh.c\AppData\Local\Programs\appium\resources\app\node_modules\appium\build\lib\main.js, --port, 4723, --address, 0.0.0.0] 
Process output: [35m[Appium][39m Welcome to Appium v1.9.1
[35m[Appium][39m Appium REST http interface listener started on 0.0.0.0:4723
[35m[HTTP][39m [37m-->[39m [37mGET[39m [37m/wd/hub/status[39m
[35m[HTTP][39m [90m{}[39m
[debug] [35m[GENERIC][39m Calling AppiumDriver.getStatus() with args: []
[debug] [35m[GENERIC][39m Responding to client with driver.getStatus() result: {"build":{"version":"1.9.1"}}
[35m[HTTP][39m [37m<-- GET /wd/hub/status [39m[32m200[39m [90m26 ms - 67[39m
[35m[HTTP][39m [90m[39m
[35m[HTTP][39m [37m-->[39m [37mGET[39m [37m/wd/hub/status[39m
[35m[HTTP][39m [90m{}[39m
[debug] [35m[GENERIC][39m Calling AppiumDriver.getStatus() with args: []
[debug] [35m[GENERIC][39m Responding to client with driver.getStatus() result: {"build":{"version":"1.9.1"}}
[35m[HTTP][39m [37m<-- GET /wd/hub/status [39m[32m200[39m [90m6 ms - 67[39m
[35m[HTTP][39m [90m[39m
[35m[HTTP][39m [37m-->[39m [37mGET[39m [37m/wd/hub/status[39m
[35m[HTTP][39m [90m{}[39m
[debug] [35m[GENERIC][39m Calling AppiumDriver.getStatus() with args: []
[debug] [35m[GENERIC][39m Responding to client with driver.getStatus() result: {"build":{"version":"1.9.1"}}
[35m[HTTP][39m [37m<-- GET /wd/hub/status [39m[32m200[39m [90m2 ms - 67[39m
[35m[HTTP][39m [90m[39m
[35m[HTTP][39m [37m-->[39m [37mGET[39m [37m/wd/hub/status[39m
[35m[HTTP][39m [90m{}[39m
[debug] [35m[GENERIC][39m Calling AppiumDriver.getStatus() with args: []
[debug] [35m[GENERIC][39m Responding to client with driver.getStatus() result: {"build":{"version":"1.9.1"}}
[35m[HTTP][39m [37m<-- GET /wd/hub/status [39m[32m200[39m [90m2 ms - 67[39m
[35m[HTTP][39m [90m[39m
[35m[HTTP][39m [37m-->[39m [37mGET[39m [37m/wd/hub/status[39m
[35m[HTTP][39m [90m{}[39m
[debug] [35m[GENERIC][39m Calling AppiumDriver.getStatus() with args: []
[debug] [35m[GENERIC][39m Responding to client with driver.getStatus() result: {"build":{"version":"1.9.1"}}
[35m[HTTP][39m [37m<-- GET /wd/hub/status [39m[32m200[39m [90m4 ms - 67[39m
[35m[HTTP][39m [90m[39m
[35m[HTTP][39m [37m-->[39m [37mGET[39m [37m/wd/hub/status[39m
[35m[HTTP][39m [90m{}[39m
[debug] [35m[GENERIC][39m Calling AppiumDriver.getStatus() with args: []
[debug] [35m[GENERIC][39m Responding to client with driver.getStatus() result: {"build":{"version":"1.9.1"}}
[35m[HTTP][39m [37m<-- GET /wd/hub/status [39m[32m200[39m [90m4 ms - 67[39m
[35m[HTTP][39m [90m[39m
[35m[HTTP][39m [37m-->[39m [37mGET[39m [37m/wd/hub/status[39m
[35m[HTTP][39m [90m{}[39m
[debug] [35m[GENERIC][39m Calling AppiumDriver.getStatus() with args: []
[debug] [35m[GENERIC][39m Responding to client with driver.getStatus() result: {"build":{"version":"1.9.1","git-sha":"f9ee7d068e14f10729f88ebd85db802c2e8ac21a"}}
[35m[HTTP][39m [37m<-- GET /wd/hub/status [39m[32m200[39m [90m4 ms - 120[39m
[35m[HTTP][39m [90m[39m
[35m[HTTP][39m [37m-->[39m [37mGET[39m [37m/wd/hub/status[39m
[35m[HTTP][39m [90m{}[39m
[debug] [35m[GENERIC][39m Calling AppiumDriver.getStatus() with args: []
[debug] [35m[GENERIC][39m Responding to client with driver.getStatus() result: {"build":{"version":"1.9.1","git-sha":"f9ee7d068e14f10729f88ebd85db802c2e8ac21a"}}
[35m[HTTP][39m [37m<-- GET /wd/hub/status [39m[32m200[39m [90m4 ms - 120[39m
[35m[HTTP][39m [90m[39m
[35m[HTTP][39m [37m-->[39m [37mGET[39m [37m/wd/hub/status[39m
[35m[HTTP][39m [90m{}[39m
[debug] [35m[GENERIC][39m Calling AppiumDriver.getStatus() with args: []
[debug] [35m[GENERIC][39m Responding to client with driver.getStatus() result: {"build":{"version":"1.9.1","git-sha":"f9ee7d068e14f10729f88ebd85db802c2e8ac21a"}}
[35m[HTTP][39m [37m<-- GET /wd/hub/status [39m[32m200[39m [90m4 ms - 120[39m
[35m[HTTP][39m [90m[39m
[35m[HTTP][39m [37m-->[39m [37mGET[39m [37m/wd/hub/status[39m
[35m[HTTP][39m [90m{}[39m
[debug] [35m[GENERIC][39m Calling AppiumDriver.getStatus() with args: []
[debug] [35m[GENERIC][39m Responding to client with driver.getStatus() result: {"build":{"version":"1.9.1","git-sha":"f9ee7d068e14f10729f88ebd85db802c2e8ac21a","built":"2018-09-20T18:14:29Z"}}
[35m[HTTP][39m [37m<-- GET /wd/hub/status [39m[32m200[39m [90m4 ms - 151[39m
[35m[HTTP][39m [90m[39m
[35m[HTTP][39m [37m-->[39m [37mGET[39m [37m/wd/hub/status[39m
[35m[HTTP][39m [90m{}[39m
[debug] [35m[GENERIC][39m Calling AppiumDriver.getStatus() with args: []
[debug] [35m[GENERIC][39m Responding to client with driver.getStatus() result: {"build":{"version":"1.9.1","git-sha":"f9ee7d068e14f10729f88ebd85db802c2e8ac21a","built":"2018-09-20T18:14:29Z"}}
[35m[HTTP][39m [37m<-- GET /wd/hub/status [39m[32m200[39m [90m2 ms - 151[39m
[35m[HTTP][39m [90m[39m
[35m[HTTP][39m [37m-->[39m [37mGET[39m [37m/wd/hub/status[39m
[35m[HTTP][39m [90m{}[39m
[debug] [35m[GENERIC][39m Calling AppiumDriver.getStatus() with args: []
[debug] [35m[GENERIC][39m Responding to client with driver.getStatus() result: {"build":{"version":"1.9.1","git-sha":"f9ee7d068e14f10729f88ebd85db802c2e8ac21a","built":"2018-09-20T18:14:29Z"}}
[35m[HTTP][39m [37m<-- GET /wd/hub/status [39m[32m200[39m [90m3 ms - 151[39m
[35m[HTTP][39m [90m[39m
[35m[HTTP][39m [37m-->[39m [37mGET[39m [37m/wd/hub/status[39m
[35m[HTTP][39m [90m{}[39m
[debug] [35m[GENERIC][39m Calling AppiumDriver.getStatus() with args: []
[debug] [35m[GENERIC][39m Responding to client with driver.getStatus() result: {"build":{"version":"1.9.1","git-sha":"f9ee7d068e14f10729f88ebd85db802c2e8ac21a","built":"2018-09-20T18:14:29Z"}}
[35m[HTTP][39m [37m<-- GET /wd/hub/status [39m[32m200[39m [90m5 ms - 151[39m
[35m[HTTP][39m [90m[39m
[35m[HTTP][39m [37m-->[39m [37mGET[39m [37m/wd/hub/status[39m
[35m[HTTP][39m [90m{}[39m
[debug] [35m[GENERIC][39m Calling AppiumDriver.getStatus() with args: []
[debug] [35m[GENERIC][39m Responding to client with driver.getStatus() result: {"build":{"version":"1.9.1","git-sha":"f9ee7d068e14f10729f88ebd85db802c2e8ac21a","built":"2018-09-20T18:14:29Z"}}
[35m[HTTP][39m [37m<-- GET /wd/hub/status [39m[32m200[39m [90m4 ms - 151[39m
[35m[HTTP][39m [90m[39m
[35m[HTTP][39m [37m-->[39m [37mGET[39m [37m/wd/hub/status[39m
[35m[HTTP][39m [90m{}[39m
[debug] [35m[GENERIC][39m Calling AppiumDriver.getStatus() with args: []
[debug] [35m[GENERIC][39m Responding to client with driver.getStatus() result: {"build":{"version":"1.9.1","git-sha":"f9ee7d068e14f10729f88ebd85db802c2e8ac21a","built":"2018-09-20T18:14:29Z"}}
[35m[HTTP][39m [37m<-- GET /wd/hub/status [39m[32m200[39m [90m4 ms - 151[39m
[35m[HTTP][39m [90m[39m
[35m[HTTP][39m [37m-->[39m [37mGET[39m [37m/wd/hub/status[39m
[35m[HTTP][39m [90m{}[39m
[debug] [35m[GENERIC][39m Calling AppiumDriver.getStatus() with args: []
[debug] [35m[GENERIC][39m Responding to client with driver.getStatus() result: {"build":{"version":"1.9.1","git-sha":"f9ee7d068e14f10729f88ebd85db802c2e8ac21a","built":"2018-09-20T18:14:29Z"}}
[35m[HTTP][39m [37m<-- GET /wd/hub/status [39m[32m200[39m [90m4 ms - 151[39m
[35m[HTTP][39m [90m[39m
[35m[HTTP][39m [37m-->[39m [37mGET[39m [37m/wd/hub/status[39m
[35m[HTTP][39m [90m{}[39m
[debug] [35m[GENERIC][39m Calling AppiumDriver.getStatus() with args: []
[debug] [35m[GENERIC][39m Responding to client with driver.getStatus() result: {"build":{"version":"1.9.1","git-sha":"f9ee7d068e14f10729f88ebd85db802c2e8ac21a","built":"2018-09-20T18:14:29Z"}}
[35m[HTTP][39m [37m<-- GET /wd/hub/status [39m[32m200[39m [90m2 ms - 151[39m
[35m[HTTP][39m [90m[39m
[35m[HTTP][39m [37m-->[39m [37mGET[39m [37m/wd/hub/status[39m
[35m[HTTP][39m [90m{}[39m
[debug] [35m[GENERIC][39m Calling AppiumDriver.getStatus() with args: []
[debug] [35m[GENERIC][39m Responding to client with driver.getStatus() result: {"build":{"version":"1.9.1","git-sha":"f9ee7d068e14f10729f88ebd85db802c2e8ac21a","built":"2018-09-20T18:14:29Z"}}
[35m[HTTP][39m [37m<-- GET /wd/hub/status [39m[32m200[39m [90m3 ms - 151[39m
[35m[HTTP][39m [90m[39m
[35m[HTTP][39m [37m-->[39m [37mGET[39m [37m/wd/hub/status[39m
[35m[HTTP][39m [90m{}[39m
[debug] [35m[GENERIC][39m Calling AppiumDriver.getStatus() with args: []
[debug] [35m[GENERIC][39m Responding to client with driver.getStatus() result: {"build":{"version":"1.9.1","git-sha":"f9ee7d068e14f10729f88ebd85db802c2e8ac21a","built":"2018-09-20T18:14:29Z"}}
[35m[HTTP][39m [37m<-- GET /wd/hub/status [39m[32m200[39m [90m7 ms - 151[39m
[35m[HTTP][39m [90m[39m
[35m[HTTP][39m [37m-->[39m [37mGET[39m [37m/wd/hub/status[39m
[35m[HTTP][39m [90m{}[39m
[debug] [35m[GENERIC][39m Calling AppiumDriver.getStatus() with args: []
[debug] [35m[GENERIC][39m Responding to client with driver.getStatus() result: {"build":{"version":"1.9.1","git-sha":"f9ee7d068e14f10729f88ebd85db802c2e8ac21a","built":"2018-09-20T18:14:29Z"}}
[35m[HTTP][39m [37m<-- GET /wd/hub/status [39m[32m200[39m [90m5 ms - 151[39m
[35m[HTTP][39m [90m[39m
[35m[HTTP][39m [37m-->[39m [37mGET[39m [37m/wd/hub/status[39m
[35m[HTTP][39m [90m{}[39m
[debug] [35m[GENERIC][39m Calling AppiumDriver.getStatus() with args: []
[debug] [35m[GENERIC][39m Responding to client with driver.getStatus() result: {"build":{"version":"1.9.1","git-sha":"f9ee7d068e14f10729f88ebd85db802c2e8ac21a","built":"2018-09-20T18:14:29Z"}}
[35m[HTTP][39m [37m<-- GET /wd/hub/status [39m[32m200[39m [90m7 ms - 151[39m
[35m[HTTP][39m [90m[39m
[35m[HTTP][39m [37m-->[39m [37mGET[39m [37m/wd/hub/status[39m
[35m[HTTP][39m [90m{}[39m
[debug] [35m[GENERIC][39m Calling AppiumDriver.getStatus() with args: []
[debug] [35m[GENERIC][39m Responding to client with driver.getStatus() result: {"build":{"version":"1.9.1","git-sha":"f9ee7d068e14f10729f88ebd85db802c2e8ac21a","built":"2018-09-20T18:14:29Z"}}
[35m[HTTP][39m [37m<-- GET /wd/hub/status [39m[32m200[39m [90m3 ms - 151[39m
[35m[HTTP][39m [90m[39m
[35m[HTTP][39m [37m-->[39m [37mGET[39m [37m/wd/hub/status[39m
[35m[HTTP][39m [90m{}[39m
[debug] [35m[GENERIC][39m Calling AppiumDriver.getStatus() with args: []
[debug] [35m[GENERIC][39m Responding to client with driver.getStatus() result: {"build":{"version":"1.9.1","git-sha":"f9ee7d068e14f10729f88ebd85db802c2e8ac21a","built":"2018-09-20T18:14:29Z"}}
[35m[HTTP][39m [37m<-- GET /wd/hub/status [39m[32m200[39m [90m4 ms - 151[39m
[35m[HTTP][39m [90m[39m
[35m[HTTP][39m [37m-->[39m [37mGET[39m [37m/wd/hub/status[39m
[35m[HTTP][39m [90m{}[39m
[debug] [35m[GENERIC][39m Calling AppiumDriver.getStatus() with args: []
[debug] [35m[GENERIC][39m Responding to client with driver.getStatus() result: {"build":{"version":"1.9.1","git-sha":"f9ee7d068e14f10729f88ebd85db802c2e8ac21a","built":"2018-09-20T18:14:29Z"}}
[35m[HTTP][39m [37m<-- GET /wd/hub/status [39m[32m200[39m [90m5 ms - 151[39m
[35m[HTTP][39m [90m[39m
[35m[HTTP][39m [37m-->[39m [37mGET[39m [37m/wd/hub/status[39m
[35m[HTTP][39m [90m{}[39m
[debug] [35m[GENERIC][39m Calling AppiumDriver.getStatus() with args: []
[debug] [35m[GENERIC][39m Responding to client with driver.getStatus() result: {"build":{"version":"1.9.1","git-sha":"f9ee7d068e14f10729f88ebd85db802c2e8ac21a","built":"2018-09-20T18:14:29Z"}}
[35m[HTTP][39m [37m<-- GET /wd/hub/status [39m[32m200[39m [90m3 ms - 151[39m
[35m[HTTP][39m [90m[39m
[35m[HTTP][39m [37m-->[39m [37mGET[39m [37m/wd/hub/status[39m
[35m[HTTP][39m [90m{}[39m
[debug] [35m[GENERIC][39m Calling AppiumDriver.getStatus() with args: []
[debug] [35m[GENERIC][39m Responding to client with driver.getStatus() result: {"build":{"version":"1.9.1","git-sha":"f9ee7d068e14f10729f88ebd85db802c2e8ac21a","built":"2018-09-20T18:14:29Z"}}
[35m[HTTP][39m [37m<-- GET /wd/hub/status [39m[32m200[39m [90m5 ms - 151[39m
[35m[HTTP][39m [90m[39m
[35m[HTTP][39m [37m-->[39m [37mGET[39m [37m/wd/hub/status[39m
[35m[HTTP][39m [90m{}[39m
[debug] [35m[GENERIC][39m Calling AppiumDriver.getStatus() with args: []
[debug] [35m[GENERIC][39m Responding to client with driver.getStatus() result: {"build":{"version":"1.9.1","git-sha":"f9ee7d068e14f10729f88ebd85db802c2e8ac21a","built":"2018-09-20T18:14:29Z"}}
[35m[HTTP][39m [37m<-- GET /wd/hub/status [39m[32m200[39m [90m2 ms - 151[39m
[35m[HTTP][39m [90m[39m
[35m[HTTP][39m [37m-->[39m [37mGET[39m [37m/wd/hub/status[39m
[35m[HTTP][39m [90m{}[39m
[debug] [35m[GENERIC][39m Calling AppiumDriver.getStatus() with args: []
[debug] [35m[GENERIC][39m Responding to client with driver.getStatus() result: {"build":{"version":"1.9.1","git-sha":"f9ee7d068e14f10729f88ebd85db802c2e8ac21a","built":"2018-09-20T18:14:29Z"}}
[35m[HTTP][39m [37m<-- GET /wd/hub/status [39m[32m200[39m [90m2 ms - 151[39m
[35m[HTTP][39m [90m[39m
[35m[HTTP][39m [37m-->[39m [37mGET[39m [37m/wd/hub/status[39m
[35m[HTTP][39m [90m{}[39m
[debug] [35m[GENERIC][39m Calling AppiumDriver.getStatus() with args: []
[debug] [35m[GENERIC][39m Responding to client with driver.getStatus() result: {"build":{"version":"1.9.1","git-sha":"f9ee7d068e14f10729f88ebd85db802c2e8ac21a","built":"2018-09-20T18:14:29Z"}}
[35m[HTTP][39m [37m<-- GET /wd/hub/status [39m[32m200[39m [90m3 ms - 151[39m
[35m[HTTP][39m [90m[39m
[35m[HTTP][39m [37m-->[39m [37mGET[39m [37m/wd/hub/status[39m
[35m[HTTP][39m [90m{}[39m
[debug] [35m[GENERIC][39m Calling AppiumDriver.getStatus() with args: []
[debug] [35m[GENERIC][39m Responding to client with driver.getStatus() result: {"build":{"version":"1.9.1","git-sha":"f9ee7d068e14f10729f88ebd85db802c2e8ac21a","built":"2018-09-20T18:14:29Z"}}
[35m[HTTP][39m [37m<-- GET /wd/hub/status [39m[32m200[39m [90m3 ms - 151[39m
[35m[HTTP][39m [90m[39m
[35m[HTTP][39m [37m-->[39m [37mGET[39m [37m/wd/hub/status[39m
[35m[HTTP][39m [90m{}[39m
[debug] [35m[GENERIC][39m Calling AppiumDriver.getStatus() with args: []
[debug] [35m[GENERIC][39m Responding to client with driver.getStatus() result: {"build":{"version":"1.9.1","git-sha":"f9ee7d068e14f10729f88ebd85db802c2e8ac21a","built":"2018-09-20T18:14:29Z"}}
[35m[HTTP][39m [37m<-- GET /wd/hub/status [39m[32m200[39m [90m6 ms - 151[39m
[35m[HTTP][39m [90m[39m
[35m[HTTP][39m [37m-->[39m [37mGET[39m [37m/wd/hub/status[39m
[35m[HTTP][39m [90m{}[39m
[debug] [35m[GENERIC][39m Calling AppiumDriver.getStatus() with args: []
[debug] [35m[GENERIC][39m Responding to client with driver.getStatus() result: {"build":{"version":"1.9.1","git-sha":"f9ee7d068e14f10729f88ebd85db802c2e8ac21a","built":"2018-09-20T18:14:29Z"}}
[35m[HTTP][39m [37m<-- GET /wd/hub/status [39m[32m200[39m [90m3 ms - 151[39m
[35m[HTTP][39m [90m[39m
[35m[HTTP][39m [37m-->[39m [37mGET[39m [37m/wd/hub/status[39m
[35m[HTTP][39m [90m{}[39m
[debug] [35m[GENERIC][39m Calling AppiumDriver.getStatus() with args: []
[debug] [35m[GENERIC][39m Responding to client with driver.getStatus() result: {"build":{"version":"1.9.1","git-sha":"f9ee7d068e14f10729f88ebd85db802c2e8ac21a","built":"2018-09-20T18:14:29Z"}}
[35m[HTTP][39m [37m<-- GET /wd/hub/status [39m[32m200[39m [90m3 ms - 151[39m
[35m[HTTP][39m [90m[39m
[35m[HTTP][39m [37m-->[39m [37mGET[39m [37m/wd/hub/status[39m
[35m[HTTP][39m [90m{}[39m
[debug] [35m[GENERIC][39m Calling AppiumDriver.getStatus() with args: []
[debug] [35m[GENERIC][39m Responding to client with driver.getStatus() result: {"build":{"version":"1.9.1","git-sha":"f9ee7d068e14f10729f88ebd85db802c2e8ac21a","built":"2018-09-20T18:14:29Z"}}
[35m[HTTP][39m [37m<-- GET /wd/hub/status [39m[32m200[39m [90m1 ms - 151[39m
[35m[HTTP][39m [90m[39m
[35m[HTTP][39m [37m-->[39m [37mGET[39m [37m/wd/hub/status[39m
[35m[HTTP][39m [90m{}[39m
[debug] [35m[GENERIC][39m Calling AppiumDriver.getStatus() with args: []
[debug] [35m[GENERIC][39m Responding to client with driver.getStatus() result: {"build":{"version":"1.9.1","git-sha":"f9ee7d068e14f10729f88ebd85db802c2e8ac21a","built":"2018-09-20T18:14:29Z"}}
[35m[HTTP][39m [37m<-- GET /wd/hub/status [39m[32m200[39m [90m1 ms - 151[39m
[35m[HTTP][39m [90m[39m
[35m[HTTP][39m [37m-->[39m [37mGET[39m [37m/wd/hub/status[39m
[35m[HTTP][39m [90m{}[39m
[debug] [35m[GENERIC][39m Calling AppiumDriver.getStatus() with args: []
[debug] [35m[GENERIC][39m Responding to client with driver.getStatus() result: {"build":{"version":"1.9.1","git-sha":"f9ee7d068e14f10729f88ebd85db802c2e8ac21a","built":"2018-09-20T18:14:29Z"}}
[35m[HTTP][39m [37m<-- GET /wd/hub/status [39m[32m200[39m [90m3 ms - 151[39m
[35m[HTTP][39m [90m[39m
[35m[HTTP][39m [37m-->[39m [37mGET[39m [37m/wd/hub/status[39m
[35m[HTTP][39m [90m{}[39m
[debug] [35m[GENERIC][39m Calling AppiumDriver.getStatus() with args: []
[debug] [35m[GENERIC][39m Responding to client with driver.getStatus() result: {"build":{"version":"1.9.1","git-sha":"f9ee7d068e14f10729f88ebd85db802c2e8ac21a","built":"2018-09-20T18:14:29Z"}}
[35m[HTTP][39m [37m<-- GET /wd/hub/status [39m[32m200[39m [90m3 ms - 151[39m
[35m[HTTP][39m [90m[39m
[35m[HTTP][39m [37m-->[39m [37mGET[39m [37m/wd/hub/status[39m
[35m[HTTP][39m [90m{}[39m
[debug] [35m[GENERIC][39m Calling AppiumDriver.getStatus() with args: []
[debug] [35m[GENERIC][39m Responding to client with driver.getStatus() result: {"build":{"version":"1.9.1","git-sha":"f9ee7d068e14f10729f88ebd85db802c2e8ac21a","built":"2018-09-20T18:14:29Z"}}
[35m[HTTP][39m [37m<-- GET /wd/hub/status [39m[32m200[39m [90m4 ms - 151[39m
[35m[HTTP][39m [90m[39m
[35m[HTTP][39m [37m-->[39m [37mGET[39m [37m/wd/hub/status[39m
[35m[HTTP][39m [90m{}[39m
[debug] [35m[GENERIC][39m Calling AppiumDriver.getStatus() with args: []
[debug] [35m[GENERIC][39m Responding to client with driver.getStatus() result: {"build":{"version":"1.9.1","git-sha":"f9ee7d068e14f10729f88ebd85db802c2e8ac21a","built":"2018-09-20T18:14:29Z"}}
[35m[HTTP][39m [37m<-- GET /wd/hub/status [39m[32m200[39m [90m3 ms - 151[39m
[35m[HTTP][39m [90m[39m
[35m[HTTP][39m [37m-->[39m [37mGET[39m [37m/wd/hub/status[39m
[35m[HTTP][39m [90m{}[39m
[debug] [35m[GENERIC][39m Calling AppiumDriver.getStatus() with args: []
[debug] [35m[GENERIC][39m Responding to client with driver.getStatus() result: {"build":{"version":"1.9.1","git-sha":"f9ee7d068e14f10729f88ebd85db802c2e8ac21a","built":"2018-09-20T18:14:29Z"}}
[35m[HTTP][39m [37m<-- GET /wd/hub/status [39m[32m200[39m [90m2 ms - 151[39m
[35m[HTTP][39m [90m[39m
[35m[HTTP][39m [37m-->[39m [37mGET[39m [37m/wd/hub/status[39m
[35m[HTTP][39m [90m{}[39m
[debug] [35m[GENERIC][39m Calling AppiumDriver.getStatus() with args: []
[debug] [35m[GENERIC][39m Responding to client with driver.getStatus() result: {"build":{"version":"1.9.1","git-sha":"f9ee7d068e14f10729f88ebd85db802c2e8ac21a","built":"2018-09-20T18:14:29Z"}}
[35m[HTTP][39m [37m<-- GET /wd/hub/status [39m[32m200[39m [90m2 ms - 151[39m
[35m[HTTP][39m [90m[39m
[35m[HTTP][39m [37m-->[39m [37mGET[39m [37m/wd/hub/status[39m
[35m[HTTP][39m [90m{}[39m
[debug] [35m[GENERIC][39m Calling AppiumDriver.getStatus() with args: []
[debug] [35m[GENERIC][39m Responding to client with driver.getStatus() result: {"build":{"version":"1.9.1","git-sha":"f9ee7d068e14f10729f88ebd85db802c2e8ac21a","built":"2018-09-20T18:14:29Z"}}
[35m[HTTP][39m [37m<-- GET /wd/hub/status [39m[32m200[39m [90m2 ms - 151[39m
[35m[HTTP][39m [90m[39m
[35m[HTTP][39m [37m-->[39m [37mGET[39m [37m/wd/hub/status[39m
[35m[HTTP][39m [90m{}[39m
[debug] [35m[GENERIC][39m Calling AppiumDriver.getStatus() with args: []
[debug] [35m[GENERIC][39m Responding to client with driver.getStatus() result: {"build":{"version":"1.9.1","git-sha":"f9ee7d068e14f10729f88ebd85db802c2e8ac21a","built":"2018-09-20T18:14:29Z"}}
[35m[HTTP][39m [37m<-- GET /wd/hub/status [39m[32m200[39m [90m2 ms - 151[39m
[35m[HTTP][39m [90m[39m
[35m[HTTP][39m [37m-->[39m [37mGET[39m [37m/wd/hub/status[39m
[35m[HTTP][39m [90m{}[39m
[debug] [35m[GENERIC][39m Calling AppiumDriver.getStatus() with args: []
[debug] [35m[GENERIC][39m Responding to client with driver.getStatus() result: {"build":{"version":"1.9.1","git-sha":"f9ee7d068e14f10729f88ebd85db802c2e8ac21a","built":"2018-09-20T18:14:29Z"}}
[35m[HTTP][39m [37m<-- GET /wd/hub/status [39m[32m200[39m [90m2 ms - 151[39m
[35m[HTTP][39m [90m[39m
[35m[HTTP][39m [37m-->[39m [37mGET[39m [37m/wd/hub/status[39m
[35m[HTTP][39m [90m{}[39m
[debug] [35m[GENERIC][39m Calling AppiumDriver.getStatus() with args: []
[debug] [35m[GENERIC][39m Responding to client with driver.getStatus() result: {"build":{"version":"1.9.1","git-sha":"f9ee7d068e14f10729f88ebd85db802c2e8ac21a","built":"2018-09-20T18:14:29Z"}}
[35m[HTTP][39m [37m<-- GET /wd/hub/status [39m[32m200[39m [90m2 ms - 151[39m
[35m[HTTP][39m [90m[39m


at io.appium.java_client.service.local.AppiumDriverLocalService.start(AppiumDriverLocalService.java:146)
at Generic.OnTheGo_AndroidProject.Base_test.serveron(Base_test.java:38)
at sun.reflect.NativeMethodAccessorImpl.invoke0(Native Method)
at sun.reflect.NativeMethodAccessorImpl.invoke(Unknown Source)
at sun.reflect.DelegatingMethodAccessorImpl.invoke(Unknown Source)
at java.lang.reflect.Method.invoke(Unknown Source)
at org.testng.internal.MethodInvocationHelper.invokeMethod(MethodInvocationHelper.java:124)
at org.testng.internal.MethodInvocationHelper.invokeMethodConsideringTimeout(MethodInvocationHelper.java:59)
at org.testng.internal.Invoker.invokeConfigurationMethod(Invoker.java:455)
at org.testng.internal.Invoker.invokeConfigurations(Invoker.java:222)
at org.testng.internal.Invoker.invokeConfigurations(Invoker.java:142)
at org.testng.SuiteRunner.privateRun(SuiteRunner.java:401)
at org.testng.SuiteRunner.run(SuiteRunner.java:364)
at org.testng.SuiteRunnerWorker.runSuite(SuiteRunnerWorker.java:52)
at org.testng.SuiteRunnerWorker.run(SuiteRunnerWorker.java:84)
at org.testng.TestNG.runSuitesSequentially(TestNG.java:1208)
at org.testng.TestNG.runSuitesLocally(TestNG.java:1137)
at org.testng.TestNG.runSuites(TestNG.java:1049)
at org.testng.TestNG.run(TestNG.java:1017)
at org.testng.remote.AbstractRemoteTestNG.run(AbstractRemoteTestNG.java:114)
at org.testng.remote.RemoteTestNG.initAndRun(RemoteTestNG.java:251)
at org.testng.remote.RemoteTestNG.main(RemoteTestNG.java:77)
Caused by: org.openqa.selenium.net.UrlChecker$TimeoutException: Timed out waiting for [http://0.0.0.0:4723/wd/hub/status] to be available after 120005 ms
at org.openqa.selenium.net.UrlChecker.waitUntilAvailable(UrlChecker.java:100)
at io.appium.java_client.service.local.AppiumDriverLocalService.ping(AppiumDriverLocalService.java:110)
at io.appium.java_client.service.local.AppiumDriverLocalService.start(AppiumDriverLocalService.java:133)
... 21 more
Caused by: java.util.concurrent.TimeoutException
at java.util.concurrent.FutureTask.get(Unknown Source)
at com.google.common.util.concurrent.SimpleTimeLimiter.callWithTimeout(SimpleTimeLimiter.java:156)
at org.openqa.selenium.net.UrlChecker.waitUntilAvailable(UrlChecker.java:75)
... 23 more
]]>
    </failure>
  </testcase> <!-- @BeforeSuite serveron -->
  <testcase name="@BeforeMethod openapp" time="0.0" classname="Generic.OnTheGo_AndroidProject.Base_test">
    <skipped/>
  </testcase> <!-- @BeforeMethod openapp -->
  <testcase name="@AfterMethod closeappp" time="0.0" classname="Generic.OnTheGo_AndroidProject.Base_test">
    <skipped/>
  </testcase> <!-- @AfterMethod closeappp -->
  <testcase name="validlogin" time="0.0" classname="Scripts.OnTheGo_AndroidProject.login_valid">
    <skipped/>
  </testcase> <!-- validlogin -->
</testsuite> <!-- Default test -->
