<?xml version="1.0" encoding="UTF-8"?>
<!-- Generated by org.testng.reporters.JUnitXMLReporter -->
<testsuite hostname="BRILAP800" ignored="0" name="Test" tests="1" failures="1" timestamp="06 Dec 2018 12:36:11 GMT" time="75.407" errors="0">
  <testcase name="validpeopleSearch" time="54.161" classname="Scripts.OnTheGo_AndroidProject.peopleSearch_valid">
    <failure type="java.lang.NullPointerException">
      <![CDATA[java.lang.NullPointerException
at Generic.OnTheGo_AndroidProject.Base_page.gotoframe(Base_page.java:38)
at POM.OnTheGo_AndroidProject.peopleSearch.searchpeople(peopleSearch.java:56)
at Scripts.OnTheGo_AndroidProject.peopleSearch_valid.validpeopleSearch(peopleSearch_valid.java:25)
... Removed 25 stack frames]]>
    </failure>
  </testcase> <!-- validpeopleSearch -->
</testsuite> <!-- Test -->
